<?xml version="1.0" encoding="UTF-8"?>
<!-- Generated by org.testng.reporters.JUnitReportReporter -->
<testsuite hostname="PL2INPUN2850NB" failures="0" tests="3" name="TestNG.GroupsDemo" time="0.009" errors="0" timestamp="2022-06-09T14:57:37 IST" skipped="0">
  <testcase classname="TestNG.GroupsDemo" name="method1" time="0.007"/>
  <system-out/>
  <testcase classname="TestNG.GroupsDemo" name="method2" time="0.001"/>
  <system-out/>
  <testcase classname="TestNG.GroupsDemo" name="method3" time="0.001"/>
  <system-out/>
</testsuite> <!-- TestNG.GroupsDemo -->
