<?xml version="1.0" encoding="UTF-8"?>
<!-- Generated by org.testng.reporters.JUnitReportReporter -->
<testsuite hostname="PL2INPUN2850NB" failures="0" tests="2" name="Demo2.test2" time="0.010" errors="0" timestamp="2022-06-04T07:18:15 IST" skipped="0">
  <testcase classname="Demo2.test2" name="test2method1" time="0.009"/>
  <system-out/>
  <testcase classname="Demo2.test2" name="test2method2" time="0.001"/>
  <system-out/>
</testsuite> <!-- Demo2.test2 -->
