<?xml version="1.0" encoding="UTF-8"?>
<!-- Generated by org.testng.reporters.JUnitReportReporter -->
<testsuite hostname="PL2INPUN2850NB" failures="0" tests="2" name="Demo1.DataProviderDemo" time="0.009" errors="0" timestamp="2022-06-04T09:35:03 IST" skipped="0">
  <testcase classname="Demo1.DataProviderDemo" name="method1" time="0.001"/>
  <system-out/>
  <testcase classname="Demo1.DataProviderDemo" name="method1" time="0.008"/>
  <system-out/>
</testsuite> <!-- Demo1.DataProviderDemo -->
