<?xml version="1.0" encoding="UTF-8"?>
<!-- Generated by org.testng.reporters.JUnitReportReporter -->
<testsuite hostname="PL2INPUN2850NB" failures="0" tests="12" name="Demo1.DifferentAnnotations" time="0.022" errors="0" timestamp="2022-06-04T09:18:33 IST" skipped="1">
  <testcase classname="Demo1.DifferentAnnotations" name="method3" time="0.002"/>
  <system-out/>
  <testcase classname="Demo1.DifferentAnnotations" name="method3" time="0.001"/>
  <system-out/>
  <testcase classname="Demo1.DifferentAnnotations" name="method3" time="0.001"/>
  <system-out/>
  <testcase classname="Demo1.DifferentAnnotations" name="method3" time="0.000"/>
  <system-out/>
  <testcase classname="Demo1.DifferentAnnotations" name="method3" time="0.001"/>
  <system-out/>
  <testcase classname="Demo1.DifferentAnnotations" name="method3" time="0.001"/>
  <system-out/>
  <testcase classname="Demo1.DifferentAnnotations" name="method3" time="0.000"/>
  <system-out/>
  <testcase classname="Demo1.DifferentAnnotations" name="method3" time="0.001"/>
  <system-out/>
  <testcase classname="Demo1.DifferentAnnotations" name="method1" time="0.013"/>
  <system-out/>
  <testcase classname="Demo1.DifferentAnnotations" name="method3" time="0.001"/>
  <system-out/>
  <testcase classname="Demo1.DifferentAnnotations" name="method3" time="0.001"/>
  <system-out/>
  <testcase classname="Demo1.DifferentAnnotations" name="method2">
    <skipped/>
  </testcase> <!-- method2 -->
  <system-out/>
</testsuite> <!-- Demo1.DifferentAnnotations -->
