<?xml version="1.0" encoding="UTF-8"?>
<!-- Generated by org.testng.reporters.JUnitReportReporter -->
<testsuite hostname="PL2INPUN2850NB" failures="0" tests="4" name="Demo1.PriorityDemo" time="0.009" errors="0" timestamp="2022-06-04T08:02:31 IST" skipped="0">
  <testcase classname="Demo1.PriorityDemo" name="bmethod4" time="0.007"/>
  <system-out/>
  <testcase classname="Demo1.PriorityDemo" name="cmethod3" time="0.001"/>
  <system-out/>
  <testcase classname="Demo1.PriorityDemo" name="amethod1" time="0.000"/>
  <system-out/>
  <testcase classname="Demo1.PriorityDemo" name="method2" time="0.001"/>
  <system-out/>
</testsuite> <!-- Demo1.PriorityDemo -->
