<?xml version="1.0" encoding="UTF-8"?>
<!-- Generated by org.testng.reporters.JUnitReportReporter -->
<testsuite hostname="PL2INPUN2850NB" failures="0" tests="3" name="Demo1.DependsOnDemo" time="0.008" errors="0" timestamp="2022-06-04T08:28:41 IST" skipped="0">
  <testcase classname="Demo1.DependsOnDemo" name="method2" time="0.007"/>
  <system-out/>
  <testcase classname="Demo1.DependsOnDemo" name="method3" time="0.001"/>
  <system-out/>
  <testcase classname="Demo1.DependsOnDemo" name="method1" time="0.000"/>
  <system-out/>
</testsuite> <!-- Demo1.DependsOnDemo -->
