<?xml version="1.0" encoding="UTF-8"?>
<!-- Generated by org.testng.reporters.JUnitReportReporter -->
<testsuite hostname="PL2INPUN2850NB" failures="0" tests="2" name="Demo1.ParallelTesting" time="0.018" errors="0" timestamp="2022-06-04T09:06:13 IST" skipped="0">
  <testcase classname="Demo1.ParallelTesting" name="method1" time="0.009"/>
  <system-out/>
  <testcase classname="Demo1.ParallelTesting" name="method2" time="0.009"/>
  <system-out/>
</testsuite> <!-- Demo1.ParallelTesting -->
