<?xml version="1.0" encoding="UTF-8"?>
<!-- Generated by org.testng.reporters.JUnitReportReporter -->
<testsuite hostname="PL2INPUN2850NB" failures="0" tests="2" name="Demo1.test1" time="0.002" errors="0" timestamp="2022-06-04T07:55:51 IST" skipped="0">
  <testcase classname="Demo1.test1" name="test1method1" time="0.001"/>
  <system-out/>
  <testcase classname="Demo1.test1" name="test1method2" time="0.001"/>
  <system-out/>
</testsuite> <!-- Demo1.test1 -->
