<?xml version="1.0" encoding="UTF-8"?>
<!-- Generated by org.testng.reporters.JUnitReportReporter -->
<testsuite hostname="PL2INPUN2850NB" failures="0" tests="1" name="Demo1.test2" time="0.008" errors="0" timestamp="2022-06-04T07:55:51 IST" skipped="0">
  <testcase classname="Demo1.test2" name="test2method1" time="0.008"/>
  <system-out/>
</testsuite> <!-- Demo1.test2 -->
