<?xml version="1.0" encoding="UTF-8"?>
<!-- Generated by org.testng.reporters.JUnitReportReporter -->
<testsuite hostname="PL2INPUN2850NB" failures="0" tests="1" name="Demo1.parameterizationDemo" time="0.007" errors="0" timestamp="2022-06-09T15:00:53 IST" skipped="0">
  <testcase classname="Demo1.parameterizationDemo" name="method1" time="0.007"/>
  <system-out/>
</testsuite> <!-- Demo1.parameterizationDemo -->
