<?xml version="1.0" encoding="UTF-8"?>
<!-- Generated by org.testng.reporters.JUnitReportReporter -->
<testsuite hostname="PL2INPUN2850NB" failures="0" tests="1" name="TestCases.SignUpPageTestCase" time="17.033" errors="0" timestamp="2022-06-06T11:27:22 IST" skipped="0">
  <testcase classname="TestCases.SignUpPageTestCase" name="launchURL" time="17.033"/>
  <system-out/>
</testsuite> <!-- TestCases.SignUpPageTestCase -->
